08/12/2025 03:48:48 PM: Dataset - Create total 1015827 patchs
08/12/2025 03:48:48 PM: Dataset - Permute and select 1015827/1015827 patchs
08/12/2025 05:08:07 PM: Dataset - Create total 1015827 patchs
08/12/2025 05:08:07 PM: Dataset - Permute and select 1015827/1015827 patchs
08/12/2025 05:13:40 PM: Dataset - Create total 1015827 patchs
08/12/2025 05:13:40 PM: Dataset - Permute and select 1015827/1015827 patchs
08/12/2025 05:17:12 PM: Dataset - Create total 1015827 patchs
08/12/2025 05:17:12 PM: Dataset - Permute and select 1015827/1015827 patchs
08/12/2025 05:19:38 PM: Dataset - Create total 1015827 patchs
08/12/2025 05:19:38 PM: Dataset - Permute and select 1015827/1015827 patchs
08/12/2025 05:22:19 PM: Dataset - Create total 1015827 patchs
08/12/2025 05:22:19 PM: Dataset - Permute and select 1015827/1015827 patchs
08/12/2025 05:24:53 PM: Dataset - Create total 1015827 patchs
08/12/2025 05:24:53 PM: Dataset - Permute and select 1015827/1015827 patchs
08/12/2025 05:25:43 PM: Dataset - Create total 1015827 patchs
08/12/2025 05:25:43 PM: Dataset - Permute and select 1015827/1015827 patchs
08/12/2025 05:28:58 PM: Dataset - Create total 1015827 patchs
08/12/2025 05:28:59 PM: Dataset - Permute and select 1015827/1015827 patchs
08/12/2025 05:30:23 PM: Dataset - Create total 1015827 patchs
08/12/2025 05:30:23 PM: Dataset - Permute and select 1015827/1015827 patchs
08/12/2025 05:32:41 PM: Dataset - Create total 1015827 patchs
08/12/2025 05:32:41 PM: Dataset - Permute and select 1015827/1015827 patchs
08/12/2025 05:46:16 PM: Dataset - Create total 1015827 patchs
08/12/2025 05:46:16 PM: Dataset - Permute and select 1015827/1015827 patchs
08/12/2025 05:49:34 PM: Dataset - Create total 1015827 patchs
08/12/2025 05:49:34 PM: Dataset - Permute and select 1015827/1015827 patchs
08/12/2025 06:02:44 PM: Dataset - Create total 1015827 patchs
08/12/2025 06:02:44 PM: Dataset - Permute and select 1015827/1015827 patchs
08/12/2025 06:04:55 PM: Dataset - Create total 1015827 patchs
08/12/2025 06:04:55 PM: Dataset - Permute and select 1015827/1015827 patchs
08/12/2025 06:05:55 PM: Dataset - Create total 1015827 patchs
08/12/2025 06:05:55 PM: Dataset - Permute and select 1015827/1015827 patchs
08/12/2025 07:41:56 PM: Dataset - Create total 1015827 patchs
08/12/2025 07:41:56 PM: Dataset - Permute and select 1015827/1015827 patchs
08/12/2025 08:02:13 PM: Dataset - Create total 1015827 patchs
08/12/2025 08:02:13 PM: Dataset - Permute and select 1015827/1015827 patchs
08/12/2025 09:36:03 PM: Dataset - Create total 1015827 patchs
08/12/2025 09:36:03 PM: Dataset - Permute and select 1015827/1015827 patchs
08/12/2025 09:39:34 PM: Dataset - Create total 1015827 patchs
08/12/2025 09:39:34 PM: Dataset - Permute and select 1015827/1015827 patchs
08/12/2025 09:42:20 PM: Dataset - Create total 1015827 patchs
08/12/2025 09:42:20 PM: Dataset - Permute and select 1015827/1015827 patchs
08/12/2025 09:55:49 PM: Dataset - Create total 1015827 patchs
08/12/2025 09:55:49 PM: Dataset - Permute and select 1015827/1015827 patchs
08/12/2025 10:01:47 PM: Dataset - Create total 1015827 patchs
08/12/2025 10:01:47 PM: Dataset - Permute and select 1015827/1015827 patchs
08/12/2025 10:02:20 PM: Dataset - Create total 1015827 patchs
08/12/2025 10:02:20 PM: Dataset - Permute and select 1015827/1015827 patchs
08/12/2025 10:03:38 PM: Dataset - Create total 1015827 patchs
08/12/2025 10:03:38 PM: Dataset - Permute and select 1015827/1015827 patchs
08/16/2025 11:41:33 PM: Dataset - Create total 39001 cropped images
08/16/2025 11:42:53 PM: Dataset - Create total 39001 cropped images
08/17/2025 01:26:54 AM: Dataset - Create total 39001 cropped images
08/17/2025 01:28:03 AM: Dataset - Create total 39001 cropped images
08/17/2025 01:29:11 AM: Dataset - Create total 39001 cropped images
08/17/2025 01:30:18 AM: Dataset - Create total 39001 cropped images
08/17/2025 01:31:44 AM: Dataset - Create total 39001 cropped images
08/17/2025 01:33:19 AM: Dataset - Create total 83 patchs
08/17/2025 01:33:19 AM: Dataset - Permute and select 3200000/83 patchs
08/17/2025 01:39:15 AM: Dataset - Create total 39001 cropped images
08/17/2025 01:41:24 AM: Dataset - Create total 3237083 patchs
08/17/2025 01:41:24 AM: Dataset - Permute and select 3200000/3237083 patchs
08/17/2025 01:54:05 AM: Dataset - Create total 44150 cropped images
08/17/2025 01:56:25 AM: Dataset - Create total 3222293 patchs
08/17/2025 01:56:25 AM: Dataset - Permute and select 3200000/3222293 patchs
08/17/2025 02:21:26 AM: Dataset - Create total 44150 cropped images
08/17/2025 02:22:02 AM: Dataset - Create total 838679 patchs
08/17/2025 02:22:02 AM: Dataset - Permute and select 800000/838679 patchs
